  [1m[35m (476.9ms)[0m  [1m[35mCREATE DATABASE "Cool_app_development" ENCODING = 'unicode'[0m
  ↳ bin/rails:9
  [1m[35m (534.9ms)[0m  [1m[35mCREATE DATABASE "Cool_app_test" ENCODING = 'unicode'[0m
  ↳ bin/rails:9
Started GET "/" for ::1 at 2022-06-29 14:38:52 -0400
Processing by Rails::WelcomeController#index as HTML
  Rendering /Users/dianamc/.rbenv/versions/2.5.1/lib/ruby/gems/2.5.0/gems/railties-5.2.8/lib/rails/templates/rails/welcome/index.html.erb
  Rendered /Users/dianamc/.rbenv/versions/2.5.1/lib/ruby/gems/2.5.0/gems/railties-5.2.8/lib/rails/templates/rails/welcome/index.html.erb (3.4ms)
Completed 200 OK in 14ms (Views: 8.7ms | ActiveRecord: 0.0ms)


Started GET "/users" for ::1 at 2022-06-29 14:42:14 -0400
  
AbstractController::ActionNotFound (The action 'index' could not be found for UsersController):
  
actionpack (5.2.8) lib/abstract_controller/base.rb:129:in `process'
actionview (5.2.8) lib/action_view/rendering.rb:32:in `process'
actionpack (5.2.8) lib/action_controller/metal.rb:191:in `dispatch'
actionpack (5.2.8) lib/action_controller/metal.rb:252:in `dispatch'
actionpack (5.2.8) lib/action_dispatch/routing/route_set.rb:52:in `dispatch'
actionpack (5.2.8) lib/action_dispatch/routing/route_set.rb:34:in `serve'
actionpack (5.2.8) lib/action_dispatch/journey/router.rb:52:in `block in serve'
actionpack (5.2.8) lib/action_dispatch/journey/router.rb:35:in `each'
actionpack (5.2.8) lib/action_dispatch/journey/router.rb:35:in `serve'
actionpack (5.2.8) lib/action_dispatch/routing/route_set.rb:840:in `call'
rack (2.2.3.1) lib/rack/tempfile_reaper.rb:15:in `call'
rack (2.2.3.1) lib/rack/etag.rb:27:in `call'
rack (2.2.3.1) lib/rack/conditional_get.rb:27:in `call'
rack (2.2.3.1) lib/rack/head.rb:12:in `call'
actionpack (5.2.8) lib/action_dispatch/http/content_security_policy.rb:18:in `call'
rack (2.2.3.1) lib/rack/session/abstract/id.rb:266:in `context'
rack (2.2.3.1) lib/rack/session/abstract/id.rb:260:in `call'
actionpack (5.2.8) lib/action_dispatch/middleware/cookies.rb:670:in `call'
activerecord (5.2.8) lib/active_record/migration.rb:559:in `call'
actionpack (5.2.8) lib/action_dispatch/middleware/callbacks.rb:28:in `block in call'
activesupport (5.2.8) lib/active_support/callbacks.rb:98:in `run_callbacks'
actionpack (5.2.8) lib/action_dispatch/middleware/callbacks.rb:26:in `call'
actionpack (5.2.8) lib/action_dispatch/middleware/executor.rb:14:in `call'
actionpack (5.2.8) lib/action_dispatch/middleware/debug_exceptions.rb:61:in `call'
web-console (3.7.0) lib/web_console/middleware.rb:135:in `call_app'
web-console (3.7.0) lib/web_console/middleware.rb:30:in `block in call'
web-console (3.7.0) lib/web_console/middleware.rb:20:in `catch'
web-console (3.7.0) lib/web_console/middleware.rb:20:in `call'
actionpack (5.2.8) lib/action_dispatch/middleware/show_exceptions.rb:33:in `call'
railties (5.2.8) lib/rails/rack/logger.rb:38:in `call_app'
railties (5.2.8) lib/rails/rack/logger.rb:26:in `block in call'
activesupport (5.2.8) lib/active_support/tagged_logging.rb:71:in `block in tagged'
activesupport (5.2.8) lib/active_support/tagged_logging.rb:28:in `tagged'
activesupport (5.2.8) lib/active_support/tagged_logging.rb:71:in `tagged'
railties (5.2.8) lib/rails/rack/logger.rb:26:in `call'
sprockets-rails (3.4.2) lib/sprockets/rails/quiet_assets.rb:13:in `call'
actionpack (5.2.8) lib/action_dispatch/middleware/remote_ip.rb:81:in `call'
actionpack (5.2.8) lib/action_dispatch/middleware/request_id.rb:27:in `call'
rack (2.2.3.1) lib/rack/method_override.rb:24:in `call'
rack (2.2.3.1) lib/rack/runtime.rb:22:in `call'
activesupport (5.2.8) lib/active_support/cache/strategy/local_cache_middleware.rb:29:in `call'
actionpack (5.2.8) lib/action_dispatch/middleware/executor.rb:14:in `call'
actionpack (5.2.8) lib/action_dispatch/middleware/static.rb:127:in `call'
rack (2.2.3.1) lib/rack/sendfile.rb:110:in `call'
railties (5.2.8) lib/rails/engine.rb:524:in `call'
puma (3.12.6) lib/puma/configuration.rb:227:in `call'
puma (3.12.6) lib/puma/server.rb:706:in `handle_request'
puma (3.12.6) lib/puma/server.rb:476:in `process_client'
puma (3.12.6) lib/puma/server.rb:334:in `block in run'
puma (3.12.6) lib/puma/thread_pool.rb:135:in `block in spawn_thread'
Started GET "/users" for ::1 at 2022-06-29 14:44:45 -0400
Processing by UsersController#index as */*
No template found for UsersController#index, rendering head :no_content
Completed 204 No Content in 163ms (ActiveRecord: 0.0ms)


Started GET "/users" for ::1 at 2022-06-29 14:47:03 -0400
Processing by UsersController#index as */*
  Rendering text template
  Rendered text template (0.0ms)
Completed 200 OK in 2ms (Views: 1.7ms | ActiveRecord: 0.0ms)


Started GET "/users?fav_food=pizza" for ::1 at 2022-06-29 14:47:49 -0400
Processing by UsersController#index as */*
  Parameters: {"fav_food"=>"pizza"}
  Rendering text template
  Rendered text template (0.0ms)
Completed 200 OK in 1ms (Views: 0.8ms | ActiveRecord: 0.0ms)


Started GET "/users" for ::1 at 2022-06-29 14:48:51 -0400
Processing by UsersController#index as */*
  Parameters: {"1"=>"Diana"}
  Rendering text template
  Rendered text template (0.0ms)
Completed 200 OK in 1ms (Views: 0.3ms | ActiveRecord: 0.0ms)


Started POST "/users" for ::1 at 2022-06-29 14:50:08 -0400
  
AbstractController::ActionNotFound (The action 'create' could not be found for UsersController):
  
actionpack (5.2.8) lib/abstract_controller/base.rb:129:in `process'
actionview (5.2.8) lib/action_view/rendering.rb:32:in `process'
actionpack (5.2.8) lib/action_controller/metal.rb:191:in `dispatch'
actionpack (5.2.8) lib/action_controller/metal.rb:252:in `dispatch'
actionpack (5.2.8) lib/action_dispatch/routing/route_set.rb:52:in `dispatch'
actionpack (5.2.8) lib/action_dispatch/routing/route_set.rb:34:in `serve'
actionpack (5.2.8) lib/action_dispatch/journey/router.rb:52:in `block in serve'
actionpack (5.2.8) lib/action_dispatch/journey/router.rb:35:in `each'
actionpack (5.2.8) lib/action_dispatch/journey/router.rb:35:in `serve'
actionpack (5.2.8) lib/action_dispatch/routing/route_set.rb:840:in `call'
rack (2.2.3.1) lib/rack/tempfile_reaper.rb:15:in `call'
rack (2.2.3.1) lib/rack/etag.rb:27:in `call'
rack (2.2.3.1) lib/rack/conditional_get.rb:40:in `call'
rack (2.2.3.1) lib/rack/head.rb:12:in `call'
actionpack (5.2.8) lib/action_dispatch/http/content_security_policy.rb:18:in `call'
rack (2.2.3.1) lib/rack/session/abstract/id.rb:266:in `context'
rack (2.2.3.1) lib/rack/session/abstract/id.rb:260:in `call'
actionpack (5.2.8) lib/action_dispatch/middleware/cookies.rb:670:in `call'
activerecord (5.2.8) lib/active_record/migration.rb:559:in `call'
actionpack (5.2.8) lib/action_dispatch/middleware/callbacks.rb:28:in `block in call'
activesupport (5.2.8) lib/active_support/callbacks.rb:98:in `run_callbacks'
actionpack (5.2.8) lib/action_dispatch/middleware/callbacks.rb:26:in `call'
actionpack (5.2.8) lib/action_dispatch/middleware/executor.rb:14:in `call'
actionpack (5.2.8) lib/action_dispatch/middleware/debug_exceptions.rb:61:in `call'
web-console (3.7.0) lib/web_console/middleware.rb:135:in `call_app'
web-console (3.7.0) lib/web_console/middleware.rb:30:in `block in call'
web-console (3.7.0) lib/web_console/middleware.rb:20:in `catch'
web-console (3.7.0) lib/web_console/middleware.rb:20:in `call'
actionpack (5.2.8) lib/action_dispatch/middleware/show_exceptions.rb:33:in `call'
railties (5.2.8) lib/rails/rack/logger.rb:38:in `call_app'
railties (5.2.8) lib/rails/rack/logger.rb:26:in `block in call'
activesupport (5.2.8) lib/active_support/tagged_logging.rb:71:in `block in tagged'
activesupport (5.2.8) lib/active_support/tagged_logging.rb:28:in `tagged'
activesupport (5.2.8) lib/active_support/tagged_logging.rb:71:in `tagged'
railties (5.2.8) lib/rails/rack/logger.rb:26:in `call'
sprockets-rails (3.4.2) lib/sprockets/rails/quiet_assets.rb:13:in `call'
actionpack (5.2.8) lib/action_dispatch/middleware/remote_ip.rb:81:in `call'
actionpack (5.2.8) lib/action_dispatch/middleware/request_id.rb:27:in `call'
rack (2.2.3.1) lib/rack/method_override.rb:24:in `call'
rack (2.2.3.1) lib/rack/runtime.rb:22:in `call'
activesupport (5.2.8) lib/active_support/cache/strategy/local_cache_middleware.rb:29:in `call'
actionpack (5.2.8) lib/action_dispatch/middleware/executor.rb:14:in `call'
actionpack (5.2.8) lib/action_dispatch/middleware/static.rb:127:in `call'
rack (2.2.3.1) lib/rack/sendfile.rb:110:in `call'
railties (5.2.8) lib/rails/engine.rb:524:in `call'
puma (3.12.6) lib/puma/configuration.rb:227:in `call'
puma (3.12.6) lib/puma/server.rb:706:in `handle_request'
puma (3.12.6) lib/puma/server.rb:476:in `process_client'
puma (3.12.6) lib/puma/server.rb:334:in `block in run'
puma (3.12.6) lib/puma/thread_pool.rb:135:in `block in spawn_thread'
Started POST "/users" for ::1 at 2022-06-29 14:51:50 -0400
Processing by UsersController#create as */*
  Parameters: {"1"=>"Diana"}
Completed 200 OK in 1ms (Views: 0.3ms | ActiveRecord: 0.0ms)


Started POST "/users" for ::1 at 2022-06-29 14:52:16 -0400
Processing by UsersController#create as */*
  Parameters: {"fav_food"=>"pizza"}
Completed 200 OK in 1ms (Views: 0.4ms | ActiveRecord: 0.0ms)


Started GET "/users/1" for ::1 at 2022-06-29 14:52:56 -0400
  
AbstractController::ActionNotFound (The action 'show' could not be found for UsersController):
  
actionpack (5.2.8) lib/abstract_controller/base.rb:129:in `process'
actionview (5.2.8) lib/action_view/rendering.rb:32:in `process'
actionpack (5.2.8) lib/action_controller/metal.rb:191:in `dispatch'
actionpack (5.2.8) lib/action_controller/metal.rb:252:in `dispatch'
actionpack (5.2.8) lib/action_dispatch/routing/route_set.rb:52:in `dispatch'
actionpack (5.2.8) lib/action_dispatch/routing/route_set.rb:34:in `serve'
actionpack (5.2.8) lib/action_dispatch/journey/router.rb:52:in `block in serve'
actionpack (5.2.8) lib/action_dispatch/journey/router.rb:35:in `each'
actionpack (5.2.8) lib/action_dispatch/journey/router.rb:35:in `serve'
actionpack (5.2.8) lib/action_dispatch/routing/route_set.rb:840:in `call'
rack (2.2.3.1) lib/rack/tempfile_reaper.rb:15:in `call'
rack (2.2.3.1) lib/rack/etag.rb:27:in `call'
rack (2.2.3.1) lib/rack/conditional_get.rb:27:in `call'
rack (2.2.3.1) lib/rack/head.rb:12:in `call'
actionpack (5.2.8) lib/action_dispatch/http/content_security_policy.rb:18:in `call'
rack (2.2.3.1) lib/rack/session/abstract/id.rb:266:in `context'
rack (2.2.3.1) lib/rack/session/abstract/id.rb:260:in `call'
actionpack (5.2.8) lib/action_dispatch/middleware/cookies.rb:670:in `call'
activerecord (5.2.8) lib/active_record/migration.rb:559:in `call'
actionpack (5.2.8) lib/action_dispatch/middleware/callbacks.rb:28:in `block in call'
activesupport (5.2.8) lib/active_support/callbacks.rb:98:in `run_callbacks'
actionpack (5.2.8) lib/action_dispatch/middleware/callbacks.rb:26:in `call'
actionpack (5.2.8) lib/action_dispatch/middleware/executor.rb:14:in `call'
actionpack (5.2.8) lib/action_dispatch/middleware/debug_exceptions.rb:61:in `call'
web-console (3.7.0) lib/web_console/middleware.rb:135:in `call_app'
web-console (3.7.0) lib/web_console/middleware.rb:30:in `block in call'
web-console (3.7.0) lib/web_console/middleware.rb:20:in `catch'
web-console (3.7.0) lib/web_console/middleware.rb:20:in `call'
actionpack (5.2.8) lib/action_dispatch/middleware/show_exceptions.rb:33:in `call'
railties (5.2.8) lib/rails/rack/logger.rb:38:in `call_app'
railties (5.2.8) lib/rails/rack/logger.rb:26:in `block in call'
activesupport (5.2.8) lib/active_support/tagged_logging.rb:71:in `block in tagged'
activesupport (5.2.8) lib/active_support/tagged_logging.rb:28:in `tagged'
activesupport (5.2.8) lib/active_support/tagged_logging.rb:71:in `tagged'
railties (5.2.8) lib/rails/rack/logger.rb:26:in `call'
sprockets-rails (3.4.2) lib/sprockets/rails/quiet_assets.rb:13:in `call'
actionpack (5.2.8) lib/action_dispatch/middleware/remote_ip.rb:81:in `call'
actionpack (5.2.8) lib/action_dispatch/middleware/request_id.rb:27:in `call'
rack (2.2.3.1) lib/rack/method_override.rb:24:in `call'
rack (2.2.3.1) lib/rack/runtime.rb:22:in `call'
activesupport (5.2.8) lib/active_support/cache/strategy/local_cache_middleware.rb:29:in `call'
actionpack (5.2.8) lib/action_dispatch/middleware/executor.rb:14:in `call'
actionpack (5.2.8) lib/action_dispatch/middleware/static.rb:127:in `call'
rack (2.2.3.1) lib/rack/sendfile.rb:110:in `call'
railties (5.2.8) lib/rails/engine.rb:524:in `call'
puma (3.12.6) lib/puma/configuration.rb:227:in `call'
puma (3.12.6) lib/puma/server.rb:706:in `handle_request'
puma (3.12.6) lib/puma/server.rb:476:in `process_client'
puma (3.12.6) lib/puma/server.rb:334:in `block in run'
puma (3.12.6) lib/puma/thread_pool.rb:135:in `block in spawn_thread'
Started GET "/users/1" for ::1 at 2022-06-29 14:53:17 -0400
Processing by UsersController#show as */*
  Parameters: {"fav_food"=>"pizza", "id"=>"1"}
Completed 200 OK in 0ms (Views: 0.2ms | ActiveRecord: 0.0ms)


Started GET "/users/1" for ::1 at 2022-06-29 14:53:33 -0400
Processing by UsersController#show as */*
  Parameters: {"id"=>"1"}
Completed 200 OK in 1ms (Views: 0.3ms | ActiveRecord: 0.0ms)


Started GET "/users/1" for ::1 at 2022-06-29 14:55:34 -0400
Processing by UsersController#show as */*
  Parameters: {"some_category"=>{"a_key"=>"another value", "another_key"=>"yet another value", "third_has"=>{"key"=>"value"}}, "something_else"=>"ahhhhhh", "id"=>"1"}
Completed 200 OK in 1ms (Views: 0.6ms | ActiveRecord: 0.0ms)


Started POST "/users/1" for ::1 at 2022-06-29 14:56:23 -0400
  
ActionController::RoutingError (No route matches [POST] "/users/1"):
  
actionpack (5.2.8) lib/action_dispatch/middleware/debug_exceptions.rb:65:in `call'
web-console (3.7.0) lib/web_console/middleware.rb:135:in `call_app'
web-console (3.7.0) lib/web_console/middleware.rb:30:in `block in call'
web-console (3.7.0) lib/web_console/middleware.rb:20:in `catch'
web-console (3.7.0) lib/web_console/middleware.rb:20:in `call'
actionpack (5.2.8) lib/action_dispatch/middleware/show_exceptions.rb:33:in `call'
railties (5.2.8) lib/rails/rack/logger.rb:38:in `call_app'
railties (5.2.8) lib/rails/rack/logger.rb:26:in `block in call'
activesupport (5.2.8) lib/active_support/tagged_logging.rb:71:in `block in tagged'
activesupport (5.2.8) lib/active_support/tagged_logging.rb:28:in `tagged'
activesupport (5.2.8) lib/active_support/tagged_logging.rb:71:in `tagged'
railties (5.2.8) lib/rails/rack/logger.rb:26:in `call'
sprockets-rails (3.4.2) lib/sprockets/rails/quiet_assets.rb:13:in `call'
actionpack (5.2.8) lib/action_dispatch/middleware/remote_ip.rb:81:in `call'
actionpack (5.2.8) lib/action_dispatch/middleware/request_id.rb:27:in `call'
rack (2.2.3.1) lib/rack/method_override.rb:24:in `call'
rack (2.2.3.1) lib/rack/runtime.rb:22:in `call'
activesupport (5.2.8) lib/active_support/cache/strategy/local_cache_middleware.rb:29:in `call'
actionpack (5.2.8) lib/action_dispatch/middleware/executor.rb:14:in `call'
actionpack (5.2.8) lib/action_dispatch/middleware/static.rb:127:in `call'
rack (2.2.3.1) lib/rack/sendfile.rb:110:in `call'
railties (5.2.8) lib/rails/engine.rb:524:in `call'
puma (3.12.6) lib/puma/configuration.rb:227:in `call'
puma (3.12.6) lib/puma/server.rb:706:in `handle_request'
puma (3.12.6) lib/puma/server.rb:476:in `process_client'
puma (3.12.6) lib/puma/server.rb:334:in `block in run'
puma (3.12.6) lib/puma/thread_pool.rb:135:in `block in spawn_thread'
Started POST "/users" for ::1 at 2022-06-29 14:56:31 -0400
Processing by UsersController#create as */*
  Parameters: {"some_category"=>{"a_key"=>"another value", "another_key"=>"yet another value", "third_has"=>{"key"=>"value"}}, "something_else"=>"ahhhhhh"}
Completed 200 OK in 1ms (Views: 0.6ms | ActiveRecord: 0.0ms)


  [1m[35m (302.2ms)[0m  [1m[35mCREATE TABLE "schema_migrations" ("version" character varying NOT NULL PRIMARY KEY)[0m
  ↳ bin/rails:9
  [1m[35m (21.2ms)[0m  [1m[35mCREATE TABLE "ar_internal_metadata" ("key" character varying NOT NULL PRIMARY KEY, "value" character varying, "created_at" timestamp NOT NULL, "updated_at" timestamp NOT NULL)[0m
  ↳ bin/rails:9
  [1m[35m (38.7ms)[0m  [1m[34mSELECT pg_try_advisory_lock(2292835721393257215)[0m
  ↳ bin/rails:9
  [1m[35m (10.5ms)[0m  [1m[34mSELECT "schema_migrations"."version" FROM "schema_migrations" ORDER BY "schema_migrations"."version" ASC[0m
  ↳ bin/rails:9
Migrating to CreateUsers (20220629190050)
  [1m[35m (19.7ms)[0m  [1m[35mBEGIN[0m
  ↳ bin/rails:9
  [1m[35m (139.8ms)[0m  [1m[35mCREATE TABLE "users" ("id" bigserial primary key, "name" character varying NOT NULL, "email" character varying NOT NULL, "created_at" timestamp NOT NULL, "updated_at" timestamp NOT NULL)[0m
  ↳ db/migrate/20220629190050_create_users.rb:3
  [1m[36mActiveRecord::SchemaMigration Create (2.0ms)[0m  [1m[32mINSERT INTO "schema_migrations" ("version") VALUES ($1) RETURNING "version"[0m  [["version", "20220629190050"]]
  ↳ bin/rails:9
  [1m[35m (17.3ms)[0m  [1m[35mCOMMIT[0m
  ↳ bin/rails:9
  [1m[36mActiveRecord::InternalMetadata Load (11.3ms)[0m  [1m[34mSELECT  "ar_internal_metadata".* FROM "ar_internal_metadata" WHERE "ar_internal_metadata"."key" = $1 LIMIT $2[0m  [["key", "environment"], ["LIMIT", 1]]
  ↳ bin/rails:9
  [1m[35m (24.2ms)[0m  [1m[35mBEGIN[0m
  ↳ bin/rails:9
  [1m[36mActiveRecord::InternalMetadata Create (11.2ms)[0m  [1m[32mINSERT INTO "ar_internal_metadata" ("key", "value", "created_at", "updated_at") VALUES ($1, $2, $3, $4) RETURNING "key"[0m  [["key", "environment"], ["value", "development"], ["created_at", "2022-06-29 19:02:08.198547"], ["updated_at", "2022-06-29 19:02:08.198547"]]
  ↳ bin/rails:9
  [1m[35m (3.1ms)[0m  [1m[35mCOMMIT[0m
  ↳ bin/rails:9
  [1m[35m (0.2ms)[0m  [1m[34mSELECT pg_advisory_unlock(2292835721393257215)[0m
  ↳ bin/rails:9
  [1m[35m (0.5ms)[0m  [1m[34mSELECT "schema_migrations"."version" FROM "schema_migrations" ORDER BY "schema_migrations"."version" ASC[0m
  ↳ bin/rails:9
Started GET "/users" for ::1 at 2022-06-29 15:04:47 -0400
  [1m[35m (7.8ms)[0m  [1m[34mSELECT "schema_migrations"."version" FROM "schema_migrations" ORDER BY "schema_migrations"."version" ASC[0m
  ↳ /Users/dianamc/.rbenv/versions/2.5.1/lib/ruby/gems/2.5.0/gems/activerecord-5.2.8/lib/active_record/log_subscriber.rb:98
Processing by UsersController#index as */*
  Parameters: {"some_category"=>{"a_key"=>"another value", "another_key"=>"yet another value", "third_has"=>{"key"=>"value"}}, "something_else"=>"ahhhhhh"}
  [1m[36mUser Load (21.8ms)[0m  [1m[34mSELECT "users".* FROM "users"[0m
  ↳ app/controllers/users_controller.rb:3
Completed 200 OK in 39ms (Views: 3.1ms | ActiveRecord: 32.1ms)


Started GET "/users" for ::1 at 2022-06-29 15:05:09 -0400
Processing by UsersController#index as */*
  [1m[36mUser Load (5.3ms)[0m  [1m[34mSELECT "users".* FROM "users"[0m
  ↳ app/controllers/users_controller.rb:3
Completed 200 OK in 8ms (Views: 1.5ms | ActiveRecord: 5.3ms)


Started GET "/users" for ::1 at 2022-06-29 15:06:05 -0400
Processing by UsersController#index as */*
  [1m[36mUser Load (76.1ms)[0m  [1m[34mSELECT "users".* FROM "users"[0m
  ↳ app/controllers/users_controller.rb:4
Completed 200 OK in 135ms (Views: 2.9ms | ActiveRecord: 130.0ms)


Started POST "/users?user=Diana&user=diana@gmail.com" for ::1 at 2022-06-29 15:08:27 -0400
Processing by UsersController#create as */*
  Parameters: {"user"=>"diana@gmail.com"}
Completed 500 Internal Server Error in 8ms (ActiveRecord: 0.0ms)


  
NoMethodError (undefined method `permit' for "diana@gmail.com":String):
  
app/controllers/users_controller.rb:12:in `create'
Started POST "/users" for ::1 at 2022-06-29 15:11:15 -0400
Processing by UsersController#create as */*
  Parameters: {"user"=>{"name"=>"Calvin", "email"=>"calvin@gmail.com"}}
  [1m[35m (15.9ms)[0m  [1m[35mBEGIN[0m
  ↳ app/controllers/users_controller.rb:14
  [1m[36mUser Create (7.3ms)[0m  [1m[32mINSERT INTO "users" ("name", "email", "created_at", "updated_at") VALUES ($1, $2, $3, $4) RETURNING "id"[0m  [["name", "Calvin"], ["email", "calvin@gmail.com"], ["created_at", "2022-06-29 19:11:15.202299"], ["updated_at", "2022-06-29 19:11:15.202299"]]
  ↳ app/controllers/users_controller.rb:14
  [1m[35m (16.2ms)[0m  [1m[35mCOMMIT[0m
  ↳ app/controllers/users_controller.rb:14
Completed 200 OK in 86ms (Views: 1.3ms | ActiveRecord: 64.1ms)


Started POST "/users" for ::1 at 2022-06-29 15:11:49 -0400
Processing by UsersController#create as */*
  Parameters: {"user"=>{"name"=>"Alvin"}}
  [1m[35m (33.2ms)[0m  [1m[35mBEGIN[0m
  ↳ app/controllers/users_controller.rb:14
  [1m[36mUser Create (55.9ms)[0m  [1m[32mINSERT INTO "users" ("name", "created_at", "updated_at") VALUES ($1, $2, $3) RETURNING "id"[0m  [["name", "Alvin"], ["created_at", "2022-06-29 19:11:49.511978"], ["updated_at", "2022-06-29 19:11:49.511978"]]
  ↳ app/controllers/users_controller.rb:14
  [1m[35m (9.9ms)[0m  [1m[31mROLLBACK[0m
  ↳ app/controllers/users_controller.rb:14
Completed 500 Internal Server Error in 107ms (ActiveRecord: 99.0ms)


  
ActiveRecord::NotNullViolation (PG::NotNullViolation: ERROR:  null value in column "email" of relation "users" violates not-null constraint
DETAIL:  Failing row contains (2, Alvin, null, 2022-06-29 19:11:49.511978, 2022-06-29 19:11:49.511978).
: INSERT INTO "users" ("name", "created_at", "updated_at") VALUES ($1, $2, $3) RETURNING "id"):
  
app/controllers/users_controller.rb:14:in `create'
Started POST "/users" for ::1 at 2022-06-29 15:12:56 -0400
Processing by UsersController#create as */*
  Parameters: {"user"=>{"name"=>"Alvin"}}
  [1m[35m (8.8ms)[0m  [1m[35mBEGIN[0m
  ↳ app/controllers/users_controller.rb:14
  [1m[36mUser Create (47.5ms)[0m  [1m[32mINSERT INTO "users" ("name", "created_at", "updated_at") VALUES ($1, $2, $3) RETURNING "id"[0m  [["name", "Alvin"], ["created_at", "2022-06-29 19:12:57.085655"], ["updated_at", "2022-06-29 19:12:57.085655"]]
  ↳ app/controllers/users_controller.rb:14
  [1m[35m (34.4ms)[0m  [1m[31mROLLBACK[0m
  ↳ app/controllers/users_controller.rb:14
Completed 500 Internal Server Error in 231ms (ActiveRecord: 196.2ms)


  
ActiveRecord::NotNullViolation (PG::NotNullViolation: ERROR:  null value in column "email" of relation "users" violates not-null constraint
DETAIL:  Failing row contains (3, Alvin, null, 2022-06-29 19:12:57.085655, 2022-06-29 19:12:57.085655).
: INSERT INTO "users" ("name", "created_at", "updated_at") VALUES ($1, $2, $3) RETURNING "id"):
  
app/controllers/users_controller.rb:14:in `create'
Started POST "/users" for ::1 at 2022-06-29 15:13:22 -0400
Processing by UsersController#create as */*
  Parameters: {"user"=>{"name"=>"Alvin"}}
  [1m[35m (8.4ms)[0m  [1m[35mBEGIN[0m
  ↳ app/controllers/users_controller.rb:14
  [1m[36mUser Create (5.5ms)[0m  [1m[32mINSERT INTO "users" ("name", "created_at", "updated_at") VALUES ($1, $2, $3) RETURNING "id"[0m  [["name", "Alvin"], ["created_at", "2022-06-29 19:13:23.059677"], ["updated_at", "2022-06-29 19:13:23.059677"]]
  ↳ app/controllers/users_controller.rb:14
  [1m[35m (11.1ms)[0m  [1m[31mROLLBACK[0m
  ↳ app/controllers/users_controller.rb:14
Completed 500 Internal Server Error in 40ms (ActiveRecord: 25.0ms)


  
ActiveRecord::NotNullViolation (PG::NotNullViolation: ERROR:  null value in column "email" of relation "users" violates not-null constraint
DETAIL:  Failing row contains (4, Alvin, null, 2022-06-29 19:13:23.059677, 2022-06-29 19:13:23.059677).
: INSERT INTO "users" ("name", "created_at", "updated_at") VALUES ($1, $2, $3) RETURNING "id"):
  
app/controllers/users_controller.rb:14:in `create'
Started POST "/users" for ::1 at 2022-06-29 15:17:28 -0400
Processing by UsersController#create as */*
  Parameters: {"user"=>{"name"=>"Alvin"}}
Completed 500 Internal Server Error in 406ms (ActiveRecord: 111.5ms)


  
NameError (undefined local variable or method `user' for #<UsersController:0x000000010fb59f40>
Did you mean?  @user):
  
app/controllers/users_controller.rb:14:in `create'
Started POST "/users" for ::1 at 2022-06-29 15:17:46 -0400
Processing by UsersController#create as */*
  Parameters: {"user"=>{"name"=>"Alvin"}}
  [1m[35m (64.4ms)[0m  [1m[35mBEGIN[0m
  ↳ app/controllers/users_controller.rb:14
  [1m[36mUser Create (22.0ms)[0m  [1m[32mINSERT INTO "users" ("name", "created_at", "updated_at") VALUES ($1, $2, $3) RETURNING "id"[0m  [["name", "Alvin"], ["created_at", "2022-06-29 19:17:46.543307"], ["updated_at", "2022-06-29 19:17:46.543307"]]
  ↳ app/controllers/users_controller.rb:14
  [1m[35m (2.3ms)[0m  [1m[31mROLLBACK[0m
  ↳ app/controllers/users_controller.rb:14
Completed 500 Internal Server Error in 123ms (ActiveRecord: 103.9ms)


  
ActiveRecord::NotNullViolation (PG::NotNullViolation: ERROR:  null value in column "email" of relation "users" violates not-null constraint
DETAIL:  Failing row contains (5, Alvin, null, 2022-06-29 19:17:46.543307, 2022-06-29 19:17:46.543307).
: INSERT INTO "users" ("name", "created_at", "updated_at") VALUES ($1, $2, $3) RETURNING "id"):
  
app/controllers/users_controller.rb:14:in `create'
Started POST "/users" for ::1 at 2022-06-29 15:22:03 -0400
Processing by UsersController#create as */*
  Parameters: {"user"=>{"name"=>"Alvin"}}
  [1m[35m (8.4ms)[0m  [1m[35mBEGIN[0m
  ↳ app/controllers/users_controller.rb:14
  [1m[36mUser Create (66.0ms)[0m  [1m[32mINSERT INTO "users" ("name", "created_at", "updated_at") VALUES ($1, $2, $3) RETURNING "id"[0m  [["name", "Alvin"], ["created_at", "2022-06-29 19:22:03.349048"], ["updated_at", "2022-06-29 19:22:03.349048"]]
  ↳ app/controllers/users_controller.rb:14
  [1m[35m (9.0ms)[0m  [1m[31mROLLBACK[0m
  ↳ app/controllers/users_controller.rb:14
Completed 500 Internal Server Error in 179ms (ActiveRecord: 161.2ms)


  
ActiveRecord::NotNullViolation (PG::NotNullViolation: ERROR:  null value in column "email" of relation "users" violates not-null constraint
DETAIL:  Failing row contains (6, Alvin, null, 2022-06-29 19:22:03.349048, 2022-06-29 19:22:03.349048).
: INSERT INTO "users" ("name", "created_at", "updated_at") VALUES ($1, $2, $3) RETURNING "id"):
  
app/controllers/users_controller.rb:14:in `create'
Started POST "/users?user[name]=Alvin" for ::1 at 2022-06-29 15:22:32 -0400
Processing by UsersController#create as */*
  Parameters: {"user"=>{"name"=>"Alvin"}}
  [1m[35m (2.1ms)[0m  [1m[35mBEGIN[0m
  ↳ app/controllers/users_controller.rb:14
  [1m[36mUser Create (32.7ms)[0m  [1m[32mINSERT INTO "users" ("name", "created_at", "updated_at") VALUES ($1, $2, $3) RETURNING "id"[0m  [["name", "Alvin"], ["created_at", "2022-06-29 19:22:32.276722"], ["updated_at", "2022-06-29 19:22:32.276722"]]
  ↳ app/controllers/users_controller.rb:14
  [1m[35m (5.8ms)[0m  [1m[31mROLLBACK[0m
  ↳ app/controllers/users_controller.rb:14
Completed 500 Internal Server Error in 138ms (ActiveRecord: 118.4ms)


  
ActiveRecord::NotNullViolation (PG::NotNullViolation: ERROR:  null value in column "email" of relation "users" violates not-null constraint
DETAIL:  Failing row contains (7, Alvin, null, 2022-06-29 19:22:32.276722, 2022-06-29 19:22:32.276722).
: INSERT INTO "users" ("name", "created_at", "updated_at") VALUES ($1, $2, $3) RETURNING "id"):
  
app/controllers/users_controller.rb:14:in `create'
Started POST "/users?user[name]=Alvin" for ::1 at 2022-06-29 15:22:52 -0400
Processing by UsersController#create as */*
  Parameters: {"name"=>"Alvin", "user"=>{"name"=>"Alvin"}}
  [1m[35m (1.8ms)[0m  [1m[35mBEGIN[0m
  ↳ app/controllers/users_controller.rb:14
  [1m[36mUser Create (3.4ms)[0m  [1m[32mINSERT INTO "users" ("name", "created_at", "updated_at") VALUES ($1, $2, $3) RETURNING "id"[0m  [["name", "Alvin"], ["created_at", "2022-06-29 19:22:52.948297"], ["updated_at", "2022-06-29 19:22:52.948297"]]
  ↳ app/controllers/users_controller.rb:14
  [1m[35m (20.3ms)[0m  [1m[31mROLLBACK[0m
  ↳ app/controllers/users_controller.rb:14
Completed 500 Internal Server Error in 29ms (ActiveRecord: 25.5ms)


  
ActiveRecord::NotNullViolation (PG::NotNullViolation: ERROR:  null value in column "email" of relation "users" violates not-null constraint
DETAIL:  Failing row contains (8, Alvin, null, 2022-06-29 19:22:52.948297, 2022-06-29 19:22:52.948297).
: INSERT INTO "users" ("name", "created_at", "updated_at") VALUES ($1, $2, $3) RETURNING "id"):
  
app/controllers/users_controller.rb:14:in `create'
Started POST "/users" for ::1 at 2022-06-29 15:23:05 -0400
Processing by UsersController#create as */*
  Parameters: {"name"=>"Alvin"}
Completed 400 Bad Request in 1ms (ActiveRecord: 0.0ms)


  
ActionController::ParameterMissing (param is missing or the value is empty: user):
  
app/controllers/users_controller.rb:12:in `create'
Started POST "/users" for ::1 at 2022-06-29 15:24:58 -0400
Processing by UsersController#create as */*
  Parameters: {"user"=>{"name"=>"Alvin"}}
Completed 500 Internal Server Error in 1618ms (ActiveRecord: 118.4ms)


  
SystemExit (exit):
  
(byebug):1:in `exit'
(byebug):1:in `create'
app/controllers/users_controller.rb:14:in `create'
Started POST "/users" for ::1 at 2022-06-29 15:25:27 -0400
Processing by UsersController#create as */*
  Parameters: {"user"=>{"name"=>"Alvin"}}
Started GET "/users" for ::1 at 2022-06-29 15:28:47 -0400
  [1m[35m (1.8ms)[0m  [1m[34mSELECT "schema_migrations"."version" FROM "schema_migrations" ORDER BY "schema_migrations"."version" ASC[0m
  ↳ /Users/dianamc/.rbenv/versions/2.5.1/lib/ruby/gems/2.5.0/gems/activerecord-5.2.8/lib/active_record/log_subscriber.rb:98
Processing by UsersController#index as */*
  [1m[36mUser Load (24.7ms)[0m  [1m[34mSELECT "users".* FROM "users"[0m
  ↳ app/controllers/users_controller.rb:5
Completed 200 OK in 4701ms (Views: 23.5ms | ActiveRecord: 46.6ms)


Started POST "/users" for ::1 at 2022-06-29 15:29:21 -0400
Processing by UsersController#create as */*
  Parameters: {"user"=>{"name"=>"Alvin"}}
  [1m[35m (2.7ms)[0m  [1m[35mBEGIN[0m
  ↳ app/controllers/users_controller.rb:15
  [1m[36mUser Create (24.5ms)[0m  [1m[32mINSERT INTO "users" ("name", "created_at", "updated_at") VALUES ($1, $2, $3) RETURNING "id"[0m  [["name", "Alvin"], ["created_at", "2022-06-29 19:29:31.540990"], ["updated_at", "2022-06-29 19:29:31.540990"]]
  ↳ app/controllers/users_controller.rb:15
  [1m[35m (16.3ms)[0m  [1m[31mROLLBACK[0m
  ↳ app/controllers/users_controller.rb:15
Completed 500 Internal Server Error in 9753ms (ActiveRecord: 43.4ms)


  
ActiveRecord::NotNullViolation (PG::NotNullViolation: ERROR:  null value in column "email" of relation "users" violates not-null constraint
DETAIL:  Failing row contains (9, Alvin, null, 2022-06-29 19:29:31.54099, 2022-06-29 19:29:31.54099).
: INSERT INTO "users" ("name", "created_at", "updated_at") VALUES ($1, $2, $3) RETURNING "id"):
  
app/controllers/users_controller.rb:15:in `create'
Started POST "/users" for ::1 at 2022-06-29 15:30:17 -0400
Processing by UsersController#create as */*
  Parameters: {"user"=>{"name"=>"Alvin"}}
  [1m[35m (5.8ms)[0m  [1m[35mBEGIN[0m
  ↳ app/controllers/users_controller.rb:15
  [1m[36mUser Create (20.6ms)[0m  [1m[32mINSERT INTO "users" ("name", "created_at", "updated_at") VALUES ($1, $2, $3) RETURNING "id"[0m  [["name", "Alvin"], ["created_at", "2022-06-29 19:30:17.387713"], ["updated_at", "2022-06-29 19:30:17.387713"]]
  ↳ app/controllers/users_controller.rb:15
  [1m[35m (0.8ms)[0m  [1m[31mROLLBACK[0m
  ↳ app/controllers/users_controller.rb:15
Completed 500 Internal Server Error in 121ms (ActiveRecord: 96.7ms)


  
ActiveRecord::NotNullViolation (PG::NotNullViolation: ERROR:  null value in column "email" of relation "users" violates not-null constraint
DETAIL:  Failing row contains (10, Alvin, null, 2022-06-29 19:30:17.387713, 2022-06-29 19:30:17.387713).
: INSERT INTO "users" ("name", "created_at", "updated_at") VALUES ($1, $2, $3) RETURNING "id"):
  
app/controllers/users_controller.rb:15:in `create'
Started POST "/users" for ::1 at 2022-06-29 15:30:54 -0400
  [1m[35m (1.1ms)[0m  [1m[34mSELECT "schema_migrations"."version" FROM "schema_migrations" ORDER BY "schema_migrations"."version" ASC[0m
  ↳ /Users/dianamc/.rbenv/versions/2.5.1/lib/ruby/gems/2.5.0/gems/activerecord-5.2.8/lib/active_record/log_subscriber.rb:98
Processing by UsersController#create as */*
  Parameters: {"user"=>{"name"=>"Alvin"}}
  [1m[35m (5.9ms)[0m  [1m[35mBEGIN[0m
  ↳ app/controllers/users_controller.rb:15
  [1m[36mUser Create (15.5ms)[0m  [1m[32mINSERT INTO "users" ("name", "created_at", "updated_at") VALUES ($1, $2, $3) RETURNING "id"[0m  [["name", "Alvin"], ["created_at", "2022-06-29 19:30:55.174327"], ["updated_at", "2022-06-29 19:30:55.174327"]]
  ↳ app/controllers/users_controller.rb:15
  [1m[35m (13.4ms)[0m  [1m[31mROLLBACK[0m
  ↳ app/controllers/users_controller.rb:15
Completed 500 Internal Server Error in 138ms (ActiveRecord: 108.5ms)


  
ActiveRecord::NotNullViolation (PG::NotNullViolation: ERROR:  null value in column "email" of relation "users" violates not-null constraint
DETAIL:  Failing row contains (11, Alvin, null, 2022-06-29 19:30:55.174327, 2022-06-29 19:30:55.174327).
: INSERT INTO "users" ("name", "created_at", "updated_at") VALUES ($1, $2, $3) RETURNING "id"):
  
app/controllers/users_controller.rb:15:in `create'
Started POST "/users" for ::1 at 2022-06-29 15:34:03 -0400
Processing by UsersController#create as */*
  Parameters: {"user"=>{"name"=>"Alvin"}}
  [1m[35m (15.6ms)[0m  [1m[35mBEGIN[0m
  ↳ app/controllers/users_controller.rb:15
  [1m[35m (31.2ms)[0m  [1m[31mROLLBACK[0m
  ↳ app/controllers/users_controller.rb:15
Completed 422 Unprocessable Entity in 114ms (Views: 0.7ms | ActiveRecord: 73.8ms)


Started GET "/users/1" for ::1 at 2022-06-29 15:39:36 -0400
Processing by UsersController#show as */*
  Parameters: {"id"=>"1"}
  [1m[36mUser Load (1.6ms)[0m  [1m[34mSELECT  "users".* FROM "users" WHERE "users"."id" = $1 LIMIT $2[0m  [["id", 1], ["LIMIT", 1]]
  ↳ app/controllers/users_controller.rb:8
Completed 200 OK in 116ms (Views: 0.5ms | ActiveRecord: 87.3ms)


Started PATCH "/users/1" for ::1 at 2022-06-29 15:40:13 -0400
Processing by UsersController#update as */*
  Parameters: {"user"=>{"name"=>"Diana", "email"=>"diana@gmail.com"}, "id"=>"1"}
  [1m[36mUser Load (24.3ms)[0m  [1m[34mSELECT  "users".* FROM "users" WHERE "users"."id" = $1 LIMIT $2[0m  [["id", 1], ["LIMIT", 1]]
  ↳ app/controllers/users_controller.rb:24
  [1m[35m (0.2ms)[0m  [1m[35mBEGIN[0m
  ↳ app/controllers/users_controller.rb:26
  [1m[36mUser Update (79.9ms)[0m  [1m[33mUPDATE "users" SET "name" = $1, "email" = $2, "updated_at" = $3 WHERE "users"."id" = $4[0m  [["name", "Diana"], ["email", "diana@gmail.com"], ["updated_at", "2022-06-29 19:40:13.412150"], ["id", 1]]
  ↳ app/controllers/users_controller.rb:26
  [1m[35m (60.1ms)[0m  [1m[35mCOMMIT[0m
  ↳ app/controllers/users_controller.rb:26
No template found for UsersController#update, rendering head :no_content
Completed 204 No Content in 347ms (ActiveRecord: 164.6ms)


Started PATCH "/users/1" for ::1 at 2022-06-29 15:41:13 -0400
Processing by UsersController#update as */*
  Parameters: {"user"=>{"name"=>"Diana", "email"=>"diana@gmail.com"}, "id"=>"1"}
  [1m[36mUser Load (0.3ms)[0m  [1m[34mSELECT  "users".* FROM "users" WHERE "users"."id" = $1 LIMIT $2[0m  [["id", 1], ["LIMIT", 1]]
  ↳ app/controllers/users_controller.rb:24
  [1m[35m (5.8ms)[0m  [1m[35mBEGIN[0m
  ↳ app/controllers/users_controller.rb:26
  [1m[35m (39.0ms)[0m  [1m[35mCOMMIT[0m
  ↳ app/controllers/users_controller.rb:26
Completed 200 OK in 118ms (Views: 1.0ms | ActiveRecord: 85.8ms)


Started DELETE "/users/1" for ::1 at 2022-06-29 15:41:29 -0400
Processing by UsersController#destroy as */*
  Parameters: {"id"=>"1"}
  [1m[36mUser Load (15.2ms)[0m  [1m[34mSELECT  "users".* FROM "users" WHERE "users"."id" = $1 LIMIT $2[0m  [["id", 1], ["LIMIT", 1]]
  ↳ app/controllers/users_controller.rb:31
  [1m[35m (55.1ms)[0m  [1m[35mBEGIN[0m
  ↳ app/controllers/users_controller.rb:33
  [1m[36mUser Destroy (75.9ms)[0m  [1m[31mDELETE FROM "users" WHERE "users"."id" = $1[0m  [["id", 1]]
  ↳ app/controllers/users_controller.rb:33
  [1m[35m (21.7ms)[0m  [1m[35mCOMMIT[0m
  ↳ app/controllers/users_controller.rb:33
No template found for UsersController#destroy, rendering head :no_content
Completed 204 No Content in 328ms (ActiveRecord: 167.9ms)


Started GET "/users" for ::1 at 2022-06-29 15:41:36 -0400
Processing by UsersController#index as */*
  [1m[36mUser Load (63.7ms)[0m  [1m[34mSELECT "users".* FROM "users"[0m
  ↳ app/controllers/users_controller.rb:4
Completed 200 OK in 66ms (Views: 1.7ms | ActiveRecord: 63.7ms)


  [1m[35m (0.2ms)[0m  [1m[34mSELECT pg_try_advisory_lock(2292835721393257215)[0m
  ↳ bin/rails:9
  [1m[35m (3.2ms)[0m  [1m[34mSELECT "schema_migrations"."version" FROM "schema_migrations" ORDER BY "schema_migrations"."version" ASC[0m
  ↳ bin/rails:9
Migrating to ChangeUsers (20220629201705)
  [1m[35m (35.8ms)[0m  [1m[35mBEGIN[0m
  ↳ bin/rails:9
  [1m[35m (165.1ms)[0m  [1m[35mALTER TABLE "users" DROP COLUMN "email"[0m
  ↳ db/migrate/20220629201705_change_users.rb:3
  [1m[35m (31.3ms)[0m  [1m[35mALTER TABLE "users" ALTER COLUMN "name" TYPE character varying[0m
  ↳ db/migrate/20220629201705_change_users.rb:4
  [1m[35m (40.6ms)[0m  [1m[35mALTER TABLE "users" RENAME COLUMN "name" TO "username"[0m
  ↳ db/migrate/20220629201705_change_users.rb:6
  [1m[36mActiveRecord::SchemaMigration Create (2.8ms)[0m  [1m[32mINSERT INTO "schema_migrations" ("version") VALUES ($1) RETURNING "version"[0m  [["version", "20220629201705"]]
  ↳ bin/rails:9
  [1m[35m (13.6ms)[0m  [1m[35mCOMMIT[0m
  ↳ bin/rails:9
  [1m[36mActiveRecord::InternalMetadata Load (0.4ms)[0m  [1m[34mSELECT  "ar_internal_metadata".* FROM "ar_internal_metadata" WHERE "ar_internal_metadata"."key" = $1 LIMIT $2[0m  [["key", "environment"], ["LIMIT", 1]]
  ↳ bin/rails:9
  [1m[35m (9.6ms)[0m  [1m[35mBEGIN[0m
  ↳ bin/rails:9
  [1m[35m (21.1ms)[0m  [1m[35mCOMMIT[0m
  ↳ bin/rails:9
  [1m[35m (0.3ms)[0m  [1m[34mSELECT pg_advisory_unlock(2292835721393257215)[0m
  ↳ bin/rails:9
  [1m[35m (17.3ms)[0m  [1m[34mSELECT "schema_migrations"."version" FROM "schema_migrations" ORDER BY "schema_migrations"."version" ASC[0m
  ↳ bin/rails:9
  [1m[35m (0.2ms)[0m  [1m[34mSELECT pg_try_advisory_lock(2292835721393257215)[0m
  ↳ bin/rails:9
  [1m[35m (13.1ms)[0m  [1m[34mSELECT "schema_migrations"."version" FROM "schema_migrations" ORDER BY "schema_migrations"."version" ASC[0m
  ↳ bin/rails:9
Migrating to ChangeUsersAgain (20220629202307)
  [1m[35m (7.8ms)[0m  [1m[35mBEGIN[0m
  ↳ bin/rails:9
  [1m[35m (37.1ms)[0m  [1m[35mALTER TABLE "users" ALTER COLUMN "username" TYPE character varying[0m
  ↳ db/migrate/20220629202307_change_users_again.rb:3
  [1m[35m (1.3ms)[0m  [1m[35mCREATE  INDEX  "index_users_on_username" ON "users"  ("username")[0m
  ↳ db/migrate/20220629202307_change_users_again.rb:5
  [1m[36mActiveRecord::SchemaMigration Create (11.0ms)[0m  [1m[32mINSERT INTO "schema_migrations" ("version") VALUES ($1) RETURNING "version"[0m  [["version", "20220629202307"]]
  ↳ bin/rails:9
  [1m[35m (6.2ms)[0m  [1m[35mCOMMIT[0m
  ↳ bin/rails:9
  [1m[36mActiveRecord::InternalMetadata Load (0.4ms)[0m  [1m[34mSELECT  "ar_internal_metadata".* FROM "ar_internal_metadata" WHERE "ar_internal_metadata"."key" = $1 LIMIT $2[0m  [["key", "environment"], ["LIMIT", 1]]
  ↳ bin/rails:9
  [1m[35m (17.1ms)[0m  [1m[35mBEGIN[0m
  ↳ bin/rails:9
  [1m[35m (33.7ms)[0m  [1m[35mCOMMIT[0m
  ↳ bin/rails:9
  [1m[35m (0.5ms)[0m  [1m[34mSELECT pg_advisory_unlock(2292835721393257215)[0m
  ↳ bin/rails:9
  [1m[35m (0.2ms)[0m  [1m[34mSELECT "schema_migrations"."version" FROM "schema_migrations" ORDER BY "schema_migrations"."version" ASC[0m
  ↳ bin/rails:9
  [1m[36mUser Load (1.0ms)[0m  [1m[34mSELECT "users".* FROM "users"[0m
  [1m[36mUser Load (12.8ms)[0m  [1m[34mSELECT "users".* FROM "users"[0m
  [1m[35m (27.8ms)[0m  [1m[35mBEGIN[0m
  [1m[36mUser Exists (8.2ms)[0m  [1m[34mSELECT  1 AS one FROM "users" WHERE "users"."username" = $1 LIMIT $2[0m  [["username", "ckoo13"], ["LIMIT", 1]]
  [1m[36mUser Create (56.1ms)[0m  [1m[32mINSERT INTO "users" ("username", "created_at", "updated_at") VALUES ($1, $2, $3) RETURNING "id"[0m  [["username", "ckoo13"], ["created_at", "2022-06-29 20:30:13.062602"], ["updated_at", "2022-06-29 20:30:13.062602"]]
  [1m[35m (18.0ms)[0m  [1m[35mCOMMIT[0m
  [1m[36mUser Load (8.8ms)[0m  [1m[34mSELECT "users".* FROM "users"[0m
  [1m[36mUser Load (18.0ms)[0m  [1m[34mSELECT "users".* FROM "users"[0m
  [1m[35m (10.3ms)[0m  [1m[35mBEGIN[0m
  [1m[36mUser Exists (2.5ms)[0m  [1m[34mSELECT  1 AS one FROM "users" WHERE "users"."username" = $1 LIMIT $2[0m  [["username", "ckoo13"], ["LIMIT", 1]]
  [1m[35m (10.3ms)[0m  [1m[31mROLLBACK[0m
  [1m[35m (5.2ms)[0m  [1m[35mBEGIN[0m
  [1m[36mUser Exists (1.4ms)[0m  [1m[34mSELECT  1 AS one FROM "users" WHERE "users"."username" = $1 LIMIT $2[0m  [["username", "ckoo13"], ["LIMIT", 1]]
  [1m[35m (11.5ms)[0m  [1m[31mROLLBACK[0m
  [1m[35m (17.0ms)[0m  [1m[35mBEGIN[0m
  [1m[36mUser Exists (10.2ms)[0m  [1m[34mSELECT  1 AS one FROM "users" WHERE "users"."username" IS NULL LIMIT $1[0m  [["LIMIT", 1]]
  [1m[35m (0.8ms)[0m  [1m[31mROLLBACK[0m
  [1m[35m (31.8ms)[0m  [1m[34mSELECT "schema_migrations"."version" FROM "schema_migrations" ORDER BY "schema_migrations"."version" ASC[0m
  ↳ bin/rails:9
  [1m[35m (0.2ms)[0m  [1m[34mSELECT pg_try_advisory_lock(2292835721393257215)[0m
  ↳ bin/rails:9
  [1m[35m (0.5ms)[0m  [1m[34mSELECT "schema_migrations"."version" FROM "schema_migrations" ORDER BY "schema_migrations"."version" ASC[0m
  ↳ bin/rails:9
Migrating to ChangeArtworks (20220629203336)
  [1m[35m (6.7ms)[0m  [1m[35mBEGIN[0m
  ↳ bin/rails:9
  [1m[35m (53.3ms)[0m  [1m[35mCREATE TABLE "artworks" ("id" bigserial primary key, "title" character varying NOT NULL, "image_url" character varying NOT NULL, "artist_id" integer NOT NULL, "created_at" timestamp NOT NULL, "updated_at" timestamp NOT NULL)[0m
  ↳ db/migrate/20220629203336_change_artworks.rb:3
  [1m[35m (3.5ms)[0m  [1m[35mCREATE UNIQUE INDEX  "index_artworks_on_artist_id_and_title" ON "artworks"  ("artist_id", "title")[0m
  ↳ db/migrate/20220629203336_change_artworks.rb:11
  [1m[35m (1.3ms)[0m  [1m[35mCREATE  INDEX  "index_artworks_on_artist_id" ON "artworks"  ("artist_id")[0m
  ↳ db/migrate/20220629203336_change_artworks.rb:12
  [1m[36mActiveRecord::SchemaMigration Create (15.0ms)[0m  [1m[32mINSERT INTO "schema_migrations" ("version") VALUES ($1) RETURNING "version"[0m  [["version", "20220629203336"]]
  ↳ bin/rails:9
  [1m[35m (79.1ms)[0m  [1m[35mCOMMIT[0m
  ↳ bin/rails:9
  [1m[36mActiveRecord::InternalMetadata Load (0.4ms)[0m  [1m[34mSELECT  "ar_internal_metadata".* FROM "ar_internal_metadata" WHERE "ar_internal_metadata"."key" = $1 LIMIT $2[0m  [["key", "environment"], ["LIMIT", 1]]
  ↳ bin/rails:9
  [1m[35m (8.8ms)[0m  [1m[35mBEGIN[0m
  ↳ bin/rails:9
  [1m[35m (0.2ms)[0m  [1m[35mCOMMIT[0m
  ↳ bin/rails:9
  [1m[35m (0.2ms)[0m  [1m[34mSELECT pg_advisory_unlock(2292835721393257215)[0m
  ↳ bin/rails:9
  [1m[35m (17.9ms)[0m  [1m[34mSELECT "schema_migrations"."version" FROM "schema_migrations" ORDER BY "schema_migrations"."version" ASC[0m
  ↳ bin/rails:9
  [1m[35m (1.6ms)[0m  [1m[34mSELECT "schema_migrations"."version" FROM "schema_migrations" ORDER BY "schema_migrations"."version" ASC[0m
  ↳ bin/rails:9
  [1m[35m (0.9ms)[0m  [1m[34mSELECT "schema_migrations"."version" FROM "schema_migrations" ORDER BY "schema_migrations"."version" ASC[0m
  ↳ /Users/dianamc/.rbenv/versions/2.5.1/bin/annotate:25
  [1m[35m (0.3ms)[0m  [1m[34mSELECT pg_try_advisory_lock(2292835721393257215)[0m
  ↳ bin/rails:9
  [1m[35m (0.7ms)[0m  [1m[34mSELECT "schema_migrations"."version" FROM "schema_migrations" ORDER BY "schema_migrations"."version" ASC[0m
  ↳ bin/rails:9
Migrating to CreateArtworkShares (20220629210302)
  [1m[35m (3.6ms)[0m  [1m[35mBEGIN[0m
  ↳ bin/rails:9
  [1m[35m (104.2ms)[0m  [1m[35mCREATE TABLE "artwork_shares" ("id" bigserial primary key, "artwork_id" integer NOT NULL, "viewer_id" integer NOT NULL, "created_at" timestamp NOT NULL, "updated_at" timestamp NOT NULL)[0m
  ↳ db/migrate/20220629210302_create_artwork_shares.rb:3
  [1m[35m (61.0ms)[0m  [1m[35mCREATE  INDEX  "index_artwork_shares_on_artwork_id" ON "artwork_shares"  ("artwork_id")[0m
  ↳ db/migrate/20220629210302_create_artwork_shares.rb:10
  [1m[35m (51.5ms)[0m  [1m[35mCREATE  INDEX  "index_artwork_shares_on_viewer_id" ON "artwork_shares"  ("viewer_id")[0m
  ↳ db/migrate/20220629210302_create_artwork_shares.rb:11
  [1m[35m (13.4ms)[0m  [1m[35mCREATE UNIQUE INDEX  "index_artwork_shares_on_artwork_id_and_viewer_id" ON "artwork_shares"  ("artwork_id", "viewer_id")[0m
  ↳ db/migrate/20220629210302_create_artwork_shares.rb:12
  [1m[36mActiveRecord::SchemaMigration Create (13.0ms)[0m  [1m[32mINSERT INTO "schema_migrations" ("version") VALUES ($1) RETURNING "version"[0m  [["version", "20220629210302"]]
  ↳ bin/rails:9
  [1m[35m (180.1ms)[0m  [1m[35mCOMMIT[0m
  ↳ bin/rails:9
  [1m[36mActiveRecord::InternalMetadata Load (7.8ms)[0m  [1m[34mSELECT  "ar_internal_metadata".* FROM "ar_internal_metadata" WHERE "ar_internal_metadata"."key" = $1 LIMIT $2[0m  [["key", "environment"], ["LIMIT", 1]]
  ↳ bin/rails:9
  [1m[35m (10.4ms)[0m  [1m[35mBEGIN[0m
  ↳ bin/rails:9
  [1m[35m (0.2ms)[0m  [1m[35mCOMMIT[0m
  ↳ bin/rails:9
  [1m[35m (0.3ms)[0m  [1m[34mSELECT pg_advisory_unlock(2292835721393257215)[0m
  ↳ bin/rails:9
  [1m[35m (0.2ms)[0m  [1m[34mSELECT "schema_migrations"."version" FROM "schema_migrations" ORDER BY "schema_migrations"."version" ASC[0m
  ↳ bin/rails:9
  [1m[35m (14.5ms)[0m  [1m[34mSELECT "schema_migrations"."version" FROM "schema_migrations" ORDER BY "schema_migrations"."version" ASC[0m
  ↳ bin/rails:9
  [1m[35m (0.8ms)[0m  [1m[34mSELECT "schema_migrations"."version" FROM "schema_migrations" ORDER BY "schema_migrations"."version" ASC[0m
  ↳ /Users/dianamc/.rbenv/versions/2.5.1/bin/annotate:25
  [1m[36mArtwork Load (5.2ms)[0m  [1m[34mSELECT "artworks".* FROM "artworks"[0m
  [1m[35m (27.2ms)[0m  [1m[35mBEGIN[0m
  [1m[36mUser Load (10.5ms)[0m  [1m[34mSELECT  "users".* FROM "users" WHERE "users"."id" = $1 LIMIT $2[0m  [["id", 1], ["LIMIT", 1]]
  [1m[36mArtwork Exists (38.5ms)[0m  [1m[34mSELECT  1 AS one FROM "artworks" WHERE "artworks"."artist_id" = $1 AND "artworks"."title" = $2 LIMIT $3[0m  [["artist_id", 1], ["title", "monalisa"], ["LIMIT", 1]]
  [1m[35m (0.4ms)[0m  [1m[31mROLLBACK[0m
  [1m[36mArtwork Load (12.4ms)[0m  [1m[34mSELECT "artworks".* FROM "artworks"[0m
